<?xml version="1.0" encoding="UTF-8"?>
<!-- Generated by org.testng.reporters.JUnitReportReporter -->
<testsuite hostname="DESKTOP-RTACN6A" failures="0" tests="3" name="DataProviderTestNG.DataDrivenTestNG" time="46.810" errors="0" timestamp="2019-11-10T14:58:58 IST" skipped="0">
  <testcase classname="DataProviderTestNG.DataDrivenTestNG" name="logincheck" time="13.877"/>
  <testcase classname="DataProviderTestNG.DataDrivenTestNG" name="logincheck" time="14.258"/>
  <testcase classname="DataProviderTestNG.DataDrivenTestNG" name="logincheck" time="18.675"/>
</testsuite> <!-- DataProviderTestNG.DataDrivenTestNG -->
