<?xml version="1.0" encoding="UTF-8"?>
<!-- Generated by org.testng.reporters.JUnitReportReporter -->
<testsuite hostname="DESKTOP-RTACN6A" failures="0" tests="4" name="TestNG.DemoTestNGXML2" time="0.029" errors="0" timestamp="2019-10-17T11:37:48 IST" skipped="0">
  <testcase classname="TestNG.DemoTestNGXML2" name="highschool" time="0.008"/>
  <testcase classname="TestNG.DemoTestNGXML2" name="middleschool" time="0.004"/>
  <testcase classname="TestNG.DemoTestNGXML2" name="ugengineering" time="0.007"/>
  <testcase classname="TestNG.DemoTestNGXML2" name="pgengineering" time="0.010"/>
</testsuite> <!-- TestNG.DemoTestNGXML2 -->
