<?xml version="1.0" encoding="UTF-8"?>
<!-- Generated by org.testng.reporters.JUnitReportReporter -->
<testsuite hostname="DESKTOP-RTACN6A" failures="0" tests="4" name="TestNG.DemoTestNGXML1" time="0.029" errors="0" timestamp="2019-10-17T11:37:48 IST" skipped="0">
  <testcase classname="TestNG.DemoTestNGXML1" name="highschool" time="0.006"/>
  <testcase classname="TestNG.DemoTestNGXML1" name="middleschool" time="0.005"/>
  <testcase classname="TestNG.DemoTestNGXML1" name="ugengineering" time="0.007"/>
  <testcase classname="TestNG.DemoTestNGXML1" name="pgengineering" time="0.011"/>
</testsuite> <!-- TestNG.DemoTestNGXML1 -->
