<?xml version="1.0" encoding="UTF-8"?>
<!-- Generated by org.testng.reporters.JUnitReportReporter -->
<testsuite hostname="DESKTOP-RTACN6A" failures="0" tests="2" name="SeleniumNormal.AssertandVerify" time="0.073" errors="0" timestamp="2019-10-14T19:20:58 IST" skipped="0">
  <testcase classname="SeleniumNormal.AssertandVerify" name="test2" time="0.006"/>
  <testcase classname="SeleniumNormal.AssertandVerify" name="test1" time="0.067"/>
</testsuite> <!-- SeleniumNormal.AssertandVerify -->
