<?xml version="1.0" encoding="UTF-8"?>
<!-- Generated by org.testng.reporters.JUnitReportReporter -->
<testsuite hostname="DESKTOP-RTACN6A" failures="0" tests="1" name="Task1.Day1" time="3.952" errors="0" timestamp="19 Jul 2019 14:43:33 GMT" skipped="0">
  <testcase classname="Task1.Day1" name="f" time="3.952"/>
</testsuite> <!-- Task1.Day1 -->
