<?xml version="1.0" encoding="UTF-8"?>
<!-- Generated by org.testng.reporters.JUnitReportReporter -->
<testsuite hostname="DESKTOP-RTACN6A" failures="0" tests="2" name="Assertion.HardAssertion" time="0.055" errors="0" timestamp="2019-10-14T20:39:34 IST" skipped="0">
  <testcase classname="Assertion.HardAssertion" name="test1" time="0.047"/>
  <testcase classname="Assertion.HardAssertion" name="test2" time="0.008"/>
</testsuite> <!-- Assertion.HardAssertion -->
