<?xml version="1.0" encoding="UTF-8"?>
<!-- Generated by org.testng.reporters.JUnitReportReporter -->
<testsuite hostname="DESKTOP-RTACN6A" failures="0" tests="1" name="TestNG.Parameterization" time="0.028" errors="0" timestamp="2019-10-17T14:32:14 IST" skipped="0">
  <testcase classname="TestNG.Parameterization" name="parameter2" time="0.028"/>
</testsuite> <!-- TestNG.Parameterization -->
